[INFO] [2019-02-27 21:46:33][org.springframework.beans.factory.xml.XmlBeanDefinitionReader]Loading XML bean definitions from class path resource [applicationContext.xml]
[INFO] [2019-02-27 21:46:33][org.springframework.context.support.GenericApplicationContext]Refreshing org.springframework.context.support.GenericApplicationContext@7f9a81e8: startup date [Wed Feb 27 21:46:33 CST 2019]; root of context hierarchy
[INFO] [2019-02-27 21:46:34][org.springframework.beans.factory.config.PropertyPlaceholderConfigurer]Loading properties file from class path resource [jdbc.properties]
[ERROR] [2019-02-27 21:46:34][org.springframework.test.context.TestContextManager]Caught exception while allowing TestExecutionListener [org.springframework.test.context.support.DependencyInjectionTestExecutionListener@61322f9d] to prepare test instance [com.zhiling.product.service.StudentServiceTest@6ad82709]
java.lang.IllegalStateException: Failed to load ApplicationContext
	at org.springframework.test.context.CacheAwareContextLoaderDelegate.loadContext(CacheAwareContextLoaderDelegate.java:99)
	at org.springframework.test.context.DefaultTestContext.getApplicationContext(DefaultTestContext.java:101)
	at org.springframework.test.context.support.DependencyInjectionTestExecutionListener.injectDependencies(DependencyInjectionTestExecutionListener.java:109)
	at org.springframework.test.context.support.DependencyInjectionTestExecutionListener.prepareTestInstance(DependencyInjectionTestExecutionListener.java:75)
	at org.springframework.test.context.TestContextManager.prepareTestInstance(TestContextManager.java:319)
	at org.springframework.test.context.junit4.SpringJUnit4ClassRunner.createTest(SpringJUnit4ClassRunner.java:212)
	at org.springframework.test.context.junit4.SpringJUnit4ClassRunner$1.runReflectiveCall(SpringJUnit4ClassRunner.java:289)
	at org.junit.internal.runners.model.ReflectiveCallable.run(ReflectiveCallable.java:12)
	at org.springframework.test.context.junit4.SpringJUnit4ClassRunner.methodBlock(SpringJUnit4ClassRunner.java:291)
	at org.springframework.test.context.junit4.SpringJUnit4ClassRunner.runChild(SpringJUnit4ClassRunner.java:232)
	at org.springframework.test.context.junit4.SpringJUnit4ClassRunner.runChild(SpringJUnit4ClassRunner.java:89)
	at org.junit.runners.ParentRunner$3.run(ParentRunner.java:290)
	at org.junit.runners.ParentRunner$1.schedule(ParentRunner.java:71)
	at org.junit.runners.ParentRunner.runChildren(ParentRunner.java:288)
	at org.junit.runners.ParentRunner.access$000(ParentRunner.java:58)
	at org.junit.runners.ParentRunner$2.evaluate(ParentRunner.java:268)
	at org.springframework.test.context.junit4.statements.RunBeforeTestClassCallbacks.evaluate(RunBeforeTestClassCallbacks.java:61)
	at org.springframework.test.context.junit4.statements.RunAfterTestClassCallbacks.evaluate(RunAfterTestClassCallbacks.java:71)
	at org.junit.runners.ParentRunner.run(ParentRunner.java:363)
	at org.springframework.test.context.junit4.SpringJUnit4ClassRunner.run(SpringJUnit4ClassRunner.java:175)
	at org.junit.runner.JUnitCore.run(JUnitCore.java:137)
	at com.intellij.junit4.JUnit4IdeaTestRunner.startRunnerWithArgs(JUnit4IdeaTestRunner.java:68)
	at com.intellij.rt.execution.junit.IdeaTestRunner$Repeater.startRunnerWithArgs(IdeaTestRunner.java:47)
	at com.intellij.rt.execution.junit.JUnitStarter.prepareStreamsAndStart(JUnitStarter.java:242)
	at com.intellij.rt.execution.junit.JUnitStarter.main(JUnitStarter.java:70)
Caused by: org.springframework.beans.factory.BeanCreationException: Error creating bean with name 'studentController': Injection of autowired dependencies failed; nested exception is org.springframework.beans.factory.BeanCreationException: Could not autowire field: private com.zhiling.product.service.StudentService com.zhiling.product.controller.StudentController.studentService; nested exception is org.springframework.beans.factory.NoSuchBeanDefinitionException: No qualifying bean of type [com.zhiling.product.service.StudentService] found for dependency: expected at least 1 bean which qualifies as autowire candidate for this dependency. Dependency annotations: {@org.springframework.beans.factory.annotation.Autowired(required=true)}
	at org.springframework.beans.factory.annotation.AutowiredAnnotationBeanPostProcessor.postProcessPropertyValues(AutowiredAnnotationBeanPostProcessor.java:292)
	at org.springframework.beans.factory.support.AbstractAutowireCapableBeanFactory.populateBean(AbstractAutowireCapableBeanFactory.java:1185)
	at org.springframework.beans.factory.support.AbstractAutowireCapableBeanFactory.doCreateBean(AbstractAutowireCapableBeanFactory.java:537)
	at org.springframework.beans.factory.support.AbstractAutowireCapableBeanFactory.createBean(AbstractAutowireCapableBeanFactory.java:475)
	at org.springframework.beans.factory.support.AbstractBeanFactory$1.getObject(AbstractBeanFactory.java:304)
	at org.springframework.beans.factory.support.DefaultSingletonBeanRegistry.getSingleton(DefaultSingletonBeanRegistry.java:228)
	at org.springframework.beans.factory.support.AbstractBeanFactory.doGetBean(AbstractBeanFactory.java:300)
	at org.springframework.beans.factory.support.AbstractBeanFactory.getBean(AbstractBeanFactory.java:195)
	at org.springframework.beans.factory.support.DefaultListableBeanFactory.preInstantiateSingletons(DefaultListableBeanFactory.java:700)
	at org.springframework.context.support.AbstractApplicationContext.finishBeanFactoryInitialization(AbstractApplicationContext.java:760)
	at org.springframework.context.support.AbstractApplicationContext.refresh(AbstractApplicationContext.java:482)
	at org.springframework.test.context.support.AbstractGenericContextLoader.loadContext(AbstractGenericContextLoader.java:121)
	at org.springframework.test.context.support.AbstractGenericContextLoader.loadContext(AbstractGenericContextLoader.java:60)
	at org.springframework.test.context.support.AbstractDelegatingSmartContextLoader.delegateLoading(AbstractDelegatingSmartContextLoader.java:100)
	at org.springframework.test.context.support.AbstractDelegatingSmartContextLoader.loadContext(AbstractDelegatingSmartContextLoader.java:250)
	at org.springframework.test.context.CacheAwareContextLoaderDelegate.loadContextInternal(CacheAwareContextLoaderDelegate.java:64)
	at org.springframework.test.context.CacheAwareContextLoaderDelegate.loadContext(CacheAwareContextLoaderDelegate.java:91)
	... 24 more
Caused by: org.springframework.beans.factory.BeanCreationException: Could not autowire field: private com.zhiling.product.service.StudentService com.zhiling.product.controller.StudentController.studentService; nested exception is org.springframework.beans.factory.NoSuchBeanDefinitionException: No qualifying bean of type [com.zhiling.product.service.StudentService] found for dependency: expected at least 1 bean which qualifies as autowire candidate for this dependency. Dependency annotations: {@org.springframework.beans.factory.annotation.Autowired(required=true)}
	at org.springframework.beans.factory.annotation.AutowiredAnnotationBeanPostProcessor$AutowiredFieldElement.inject(AutowiredAnnotationBeanPostProcessor.java:508)
	at org.springframework.beans.factory.annotation.InjectionMetadata.inject(InjectionMetadata.java:87)
	at org.springframework.beans.factory.annotation.AutowiredAnnotationBeanPostProcessor.postProcessPropertyValues(AutowiredAnnotationBeanPostProcessor.java:289)
	... 40 more
Caused by: org.springframework.beans.factory.NoSuchBeanDefinitionException: No qualifying bean of type [com.zhiling.product.service.StudentService] found for dependency: expected at least 1 bean which qualifies as autowire candidate for this dependency. Dependency annotations: {@org.springframework.beans.factory.annotation.Autowired(required=true)}
	at org.springframework.beans.factory.support.DefaultListableBeanFactory.raiseNoSuchBeanDefinitionException(DefaultListableBeanFactory.java:1100)
	at org.springframework.beans.factory.support.DefaultListableBeanFactory.doResolveDependency(DefaultListableBeanFactory.java:960)
	at org.springframework.beans.factory.support.DefaultListableBeanFactory.resolveDependency(DefaultListableBeanFactory.java:855)
	at org.springframework.beans.factory.annotation.AutowiredAnnotationBeanPostProcessor$AutowiredFieldElement.inject(AutowiredAnnotationBeanPostProcessor.java:480)
	... 42 more
[INFO] [2019-02-27 21:48:05][org.springframework.beans.factory.xml.XmlBeanDefinitionReader]Loading XML bean definitions from class path resource [applicationContext.xml]
[INFO] [2019-02-27 21:48:05][org.springframework.context.support.GenericApplicationContext]Refreshing org.springframework.context.support.GenericApplicationContext@7d3a22a9: startup date [Wed Feb 27 21:48:05 CST 2019]; root of context hierarchy
[INFO] [2019-02-27 21:48:05][org.springframework.beans.factory.config.PropertyPlaceholderConfigurer]Loading properties file from class path resource [jdbc.properties]
[ERROR] [2019-02-27 21:48:06][org.springframework.test.context.TestContextManager]Caught exception while allowing TestExecutionListener [org.springframework.test.context.support.DependencyInjectionTestExecutionListener@1dfd5f51] to prepare test instance [com.zhiling.product.service.StudentServiceTest@3c321bdb]
java.lang.IllegalStateException: Failed to load ApplicationContext
	at org.springframework.test.context.CacheAwareContextLoaderDelegate.loadContext(CacheAwareContextLoaderDelegate.java:99)
	at org.springframework.test.context.DefaultTestContext.getApplicationContext(DefaultTestContext.java:101)
	at org.springframework.test.context.support.DependencyInjectionTestExecutionListener.injectDependencies(DependencyInjectionTestExecutionListener.java:109)
	at org.springframework.test.context.support.DependencyInjectionTestExecutionListener.prepareTestInstance(DependencyInjectionTestExecutionListener.java:75)
	at org.springframework.test.context.TestContextManager.prepareTestInstance(TestContextManager.java:319)
	at org.springframework.test.context.junit4.SpringJUnit4ClassRunner.createTest(SpringJUnit4ClassRunner.java:212)
	at org.springframework.test.context.junit4.SpringJUnit4ClassRunner$1.runReflectiveCall(SpringJUnit4ClassRunner.java:289)
	at org.junit.internal.runners.model.ReflectiveCallable.run(ReflectiveCallable.java:12)
	at org.springframework.test.context.junit4.SpringJUnit4ClassRunner.methodBlock(SpringJUnit4ClassRunner.java:291)
	at org.springframework.test.context.junit4.SpringJUnit4ClassRunner.runChild(SpringJUnit4ClassRunner.java:232)
	at org.springframework.test.context.junit4.SpringJUnit4ClassRunner.runChild(SpringJUnit4ClassRunner.java:89)
	at org.junit.runners.ParentRunner$3.run(ParentRunner.java:290)
	at org.junit.runners.ParentRunner$1.schedule(ParentRunner.java:71)
	at org.junit.runners.ParentRunner.runChildren(ParentRunner.java:288)
	at org.junit.runners.ParentRunner.access$000(ParentRunner.java:58)
	at org.junit.runners.ParentRunner$2.evaluate(ParentRunner.java:268)
	at org.springframework.test.context.junit4.statements.RunBeforeTestClassCallbacks.evaluate(RunBeforeTestClassCallbacks.java:61)
	at org.springframework.test.context.junit4.statements.RunAfterTestClassCallbacks.evaluate(RunAfterTestClassCallbacks.java:71)
	at org.junit.runners.ParentRunner.run(ParentRunner.java:363)
	at org.springframework.test.context.junit4.SpringJUnit4ClassRunner.run(SpringJUnit4ClassRunner.java:175)
	at org.junit.runner.JUnitCore.run(JUnitCore.java:137)
	at com.intellij.junit4.JUnit4IdeaTestRunner.startRunnerWithArgs(JUnit4IdeaTestRunner.java:68)
	at com.intellij.rt.execution.junit.IdeaTestRunner$Repeater.startRunnerWithArgs(IdeaTestRunner.java:47)
	at com.intellij.rt.execution.junit.JUnitStarter.prepareStreamsAndStart(JUnitStarter.java:242)
	at com.intellij.rt.execution.junit.JUnitStarter.main(JUnitStarter.java:70)
Caused by: org.springframework.beans.factory.BeanCreationException: Error creating bean with name 'org.springframework.web.servlet.mvc.method.annotation.RequestMappingHandlerMapping#0': Invocation of init method failed; nested exception is org.springframework.http.InvalidMediaTypeException: Invalid mime type "application/json;charset =utf-8": Invalid token character ' ' in token "charset "
	at org.springframework.beans.factory.support.AbstractAutowireCapableBeanFactory.initializeBean(AbstractAutowireCapableBeanFactory.java:1553)
	at org.springframework.beans.factory.support.AbstractAutowireCapableBeanFactory.doCreateBean(AbstractAutowireCapableBeanFactory.java:539)
	at org.springframework.beans.factory.support.AbstractAutowireCapableBeanFactory.createBean(AbstractAutowireCapableBeanFactory.java:475)
	at org.springframework.beans.factory.support.AbstractBeanFactory$1.getObject(AbstractBeanFactory.java:304)
	at org.springframework.beans.factory.support.DefaultSingletonBeanRegistry.getSingleton(DefaultSingletonBeanRegistry.java:228)
	at org.springframework.beans.factory.support.AbstractBeanFactory.doGetBean(AbstractBeanFactory.java:300)
	at org.springframework.beans.factory.support.AbstractBeanFactory.getBean(AbstractBeanFactory.java:195)
	at org.springframework.beans.factory.support.DefaultListableBeanFactory.preInstantiateSingletons(DefaultListableBeanFactory.java:700)
	at org.springframework.context.support.AbstractApplicationContext.finishBeanFactoryInitialization(AbstractApplicationContext.java:760)
	at org.springframework.context.support.AbstractApplicationContext.refresh(AbstractApplicationContext.java:482)
	at org.springframework.test.context.support.AbstractGenericContextLoader.loadContext(AbstractGenericContextLoader.java:121)
	at org.springframework.test.context.support.AbstractGenericContextLoader.loadContext(AbstractGenericContextLoader.java:60)
	at org.springframework.test.context.support.AbstractDelegatingSmartContextLoader.delegateLoading(AbstractDelegatingSmartContextLoader.java:100)
	at org.springframework.test.context.support.AbstractDelegatingSmartContextLoader.loadContext(AbstractDelegatingSmartContextLoader.java:250)
	at org.springframework.test.context.CacheAwareContextLoaderDelegate.loadContextInternal(CacheAwareContextLoaderDelegate.java:64)
	at org.springframework.test.context.CacheAwareContextLoaderDelegate.loadContext(CacheAwareContextLoaderDelegate.java:91)
	... 24 more
Caused by: org.springframework.http.InvalidMediaTypeException: Invalid mime type "application/json;charset =utf-8": Invalid token character ' ' in token "charset "
	at org.springframework.http.MediaType.parseMediaType(MediaType.java:369)
	at org.springframework.web.servlet.mvc.condition.AbstractMediaTypeExpression.<init>(AbstractMediaTypeExpression.java:51)
	at org.springframework.web.servlet.mvc.condition.ProducesRequestCondition$ProduceMediaTypeExpression.<init>(ProducesRequestCondition.java:295)
	at org.springframework.web.servlet.mvc.condition.ProducesRequestCondition.parseExpressions(ProducesRequestCondition.java:114)
	at org.springframework.web.servlet.mvc.condition.ProducesRequestCondition.<init>(ProducesRequestCondition.java:85)
	at org.springframework.web.servlet.mvc.method.annotation.RequestMappingHandlerMapping.createRequestMappingInfo(RequestMappingHandlerMapping.java:243)
	at org.springframework.web.servlet.mvc.method.annotation.RequestMappingHandlerMapping.getMappingForMethod(RequestMappingHandlerMapping.java:191)
	at org.springframework.web.servlet.mvc.method.annotation.RequestMappingHandlerMapping.getMappingForMethod(RequestMappingHandlerMapping.java:51)
	at org.springframework.web.servlet.handler.AbstractHandlerMethodMapping$1.matches(AbstractHandlerMethodMapping.java:137)
	at org.springframework.web.method.HandlerMethodSelector$1.doWith(HandlerMethodSelector.java:62)
	at org.springframework.util.ReflectionUtils.doWithMethods(ReflectionUtils.java:480)
	at org.springframework.web.method.HandlerMethodSelector.selectMethods(HandlerMethodSelector.java:57)
	at org.springframework.web.servlet.handler.AbstractHandlerMethodMapping.detectHandlerMethods(AbstractHandlerMethodMapping.java:134)
	at org.springframework.web.servlet.handler.AbstractHandlerMethodMapping.initHandlerMethods(AbstractHandlerMethodMapping.java:109)
	at org.springframework.web.servlet.handler.AbstractHandlerMethodMapping.afterPropertiesSet(AbstractHandlerMethodMapping.java:89)
	at org.springframework.web.servlet.mvc.method.annotation.RequestMappingHandlerMapping.afterPropertiesSet(RequestMappingHandlerMapping.java:126)
	at org.springframework.beans.factory.support.AbstractAutowireCapableBeanFactory.invokeInitMethods(AbstractAutowireCapableBeanFactory.java:1612)
	at org.springframework.beans.factory.support.AbstractAutowireCapableBeanFactory.initializeBean(AbstractAutowireCapableBeanFactory.java:1549)
	... 39 more
Caused by: org.springframework.util.InvalidMimeTypeException: Invalid mime type "application/json;charset =utf-8": Invalid token character ' ' in token "charset "
	at org.springframework.util.MimeTypeUtils.parseMimeType(MimeTypeUtils.java:250)
	at org.springframework.http.MediaType.parseMediaType(MediaType.java:366)
	... 56 more
[INFO] [2019-02-27 21:49:09][org.springframework.beans.factory.xml.XmlBeanDefinitionReader]Loading XML bean definitions from class path resource [applicationContext.xml]
[INFO] [2019-02-27 21:49:09][org.springframework.context.support.GenericApplicationContext]Refreshing org.springframework.context.support.GenericApplicationContext@7d3a22a9: startup date [Wed Feb 27 21:49:09 CST 2019]; root of context hierarchy
[INFO] [2019-02-27 21:49:09][org.springframework.beans.factory.config.PropertyPlaceholderConfigurer]Loading properties file from class path resource [jdbc.properties]
[INFO] [2019-02-27 21:49:10][org.springframework.web.servlet.mvc.method.annotation.RequestMappingHandlerMapping]Mapped "{[/Student/deleteStudent],methods=[POST],params=[],headers=[],consumes=[],produces=[application/json;charset=utf-8],custom=[]}" onto public java.lang.String com.zhiling.product.controller.StudentController.deleteStudent(java.lang.Integer,java.lang.Integer)
[INFO] [2019-02-27 21:49:10][org.springframework.web.servlet.mvc.method.annotation.RequestMappingHandlerMapping]Mapped "{[/Student/getAllStudent],methods=[GET],params=[],headers=[],consumes=[],produces=[application/json;charset=utf-8],custom=[]}" onto public java.lang.String com.zhiling.product.controller.StudentController.getAllStudent(javax.servlet.http.HttpServletRequest,javax.servlet.http.HttpServletRequest)
[INFO] [2019-02-27 21:49:10][org.springframework.web.servlet.mvc.method.annotation.RequestMappingHandlerMapping]Mapped "{[/Student/getStudent/{id}],methods=[POST],params=[],headers=[],consumes=[],produces=[],custom=[]}" onto public java.lang.String com.zhiling.product.controller.StudentController.getStudent(java.lang.Integer)
[INFO] [2019-02-27 21:49:10][org.springframework.web.servlet.handler.SimpleUrlHandlerMapping]Mapped URL path [/**] onto handler 'org.springframework.web.servlet.resource.DefaultServletHttpRequestHandler#0'
[INFO] [2019-02-27 21:49:17][com.alibaba.druid.pool.DruidDataSource]{dataSource-1} inited
[INFO] [2019-02-27 21:49:22][org.springframework.context.support.GenericApplicationContext]Closing org.springframework.context.support.GenericApplicationContext@7d3a22a9: startup date [Wed Feb 27 21:49:09 CST 2019]; root of context hierarchy
[INFO] [2019-02-27 21:49:22][com.alibaba.druid.pool.DruidDataSource]{dataSource-1} closed
[INFO] [2019-02-28 17:06:55][org.springframework.beans.factory.xml.XmlBeanDefinitionReader]Loading XML bean definitions from class path resource [applicationContext.xml]
[INFO] [2019-02-28 17:06:55][org.springframework.context.support.GenericApplicationContext]Refreshing org.springframework.context.support.GenericApplicationContext@7f9a81e8: startup date [Thu Feb 28 17:06:55 CST 2019]; root of context hierarchy
[INFO] [2019-02-28 17:06:55][org.springframework.beans.factory.config.PropertyPlaceholderConfigurer]Loading properties file from class path resource [jdbc.properties]
[INFO] [2019-02-28 17:06:56][org.springframework.web.servlet.mvc.method.annotation.RequestMappingHandlerMapping]Mapped "{[/Student/deleteStudent],methods=[POST],params=[],headers=[],consumes=[],produces=[application/json;charset=utf-8],custom=[]}" onto public java.lang.String com.zhiling.product.controller.StudentController.deleteStudent(java.lang.Integer,java.lang.Integer)
[INFO] [2019-02-28 17:06:56][org.springframework.web.servlet.mvc.method.annotation.RequestMappingHandlerMapping]Mapped "{[/Student/getAllStudent],methods=[GET],params=[],headers=[],consumes=[],produces=[application/json;charset=utf-8],custom=[]}" onto public java.lang.String com.zhiling.product.controller.StudentController.getAllStudent(javax.servlet.http.HttpServletRequest,javax.servlet.http.HttpServletRequest)
[INFO] [2019-02-28 17:06:56][org.springframework.web.servlet.mvc.method.annotation.RequestMappingHandlerMapping]Mapped "{[/Student/getStudent/{id}],methods=[POST],params=[],headers=[],consumes=[],produces=[application/json;charset=utf-8],custom=[]}" onto public java.lang.String com.zhiling.product.controller.StudentController.getStudent(java.lang.Integer)
[INFO] [2019-02-28 17:06:56][org.springframework.web.servlet.handler.SimpleUrlHandlerMapping]Mapped URL path [/**] onto handler 'org.springframework.web.servlet.resource.DefaultServletHttpRequestHandler#0'
[INFO] [2019-02-28 17:06:57][com.alibaba.druid.pool.DruidDataSource]{dataSource-1} inited
[INFO] [2019-02-28 17:06:57][org.springframework.context.support.GenericApplicationContext]Closing org.springframework.context.support.GenericApplicationContext@7f9a81e8: startup date [Thu Feb 28 17:06:55 CST 2019]; root of context hierarchy
[INFO] [2019-02-28 17:06:57][com.alibaba.druid.pool.DruidDataSource]{dataSource-1} closed
[INFO] [2019-02-28 17:07:34][org.springframework.beans.factory.xml.XmlBeanDefinitionReader]Loading XML bean definitions from class path resource [applicationContext.xml]
[INFO] [2019-02-28 17:07:34][org.springframework.context.support.GenericApplicationContext]Refreshing org.springframework.context.support.GenericApplicationContext@7f9a81e8: startup date [Thu Feb 28 17:07:34 CST 2019]; root of context hierarchy
[INFO] [2019-02-28 17:07:34][org.springframework.beans.factory.config.PropertyPlaceholderConfigurer]Loading properties file from class path resource [jdbc.properties]
[INFO] [2019-02-28 17:07:35][org.springframework.web.servlet.mvc.method.annotation.RequestMappingHandlerMapping]Mapped "{[/Student/deleteStudent],methods=[POST],params=[],headers=[],consumes=[],produces=[application/json;charset=utf-8],custom=[]}" onto public java.lang.String com.zhiling.product.controller.StudentController.deleteStudent(java.lang.Integer,java.lang.Integer)
[INFO] [2019-02-28 17:07:35][org.springframework.web.servlet.mvc.method.annotation.RequestMappingHandlerMapping]Mapped "{[/Student/getAllStudent],methods=[GET],params=[],headers=[],consumes=[],produces=[application/json;charset=utf-8],custom=[]}" onto public java.lang.String com.zhiling.product.controller.StudentController.getAllStudent(javax.servlet.http.HttpServletRequest,javax.servlet.http.HttpServletRequest)
[INFO] [2019-02-28 17:07:35][org.springframework.web.servlet.mvc.method.annotation.RequestMappingHandlerMapping]Mapped "{[/Student/getStudent/{id}],methods=[POST],params=[],headers=[],consumes=[],produces=[application/json;charset=utf-8],custom=[]}" onto public java.lang.String com.zhiling.product.controller.StudentController.getStudent(java.lang.Integer)
[INFO] [2019-02-28 17:07:35][org.springframework.web.servlet.handler.SimpleUrlHandlerMapping]Mapped URL path [/**] onto handler 'org.springframework.web.servlet.resource.DefaultServletHttpRequestHandler#0'
[INFO] [2019-02-28 17:07:35][com.alibaba.druid.pool.DruidDataSource]{dataSource-1} inited
[INFO] [2019-02-28 17:07:35][org.springframework.context.support.GenericApplicationContext]Closing org.springframework.context.support.GenericApplicationContext@7f9a81e8: startup date [Thu Feb 28 17:07:34 CST 2019]; root of context hierarchy
[INFO] [2019-02-28 17:07:35][com.alibaba.druid.pool.DruidDataSource]{dataSource-1} closed
[INFO] [2019-02-28 17:22:38][org.springframework.beans.factory.xml.XmlBeanDefinitionReader]Loading XML bean definitions from class path resource [applicationContext.xml]
[INFO] [2019-02-28 17:22:38][org.springframework.context.support.GenericApplicationContext]Refreshing org.springframework.context.support.GenericApplicationContext@7f9a81e8: startup date [Thu Feb 28 17:22:38 CST 2019]; root of context hierarchy
[INFO] [2019-02-28 17:22:38][org.springframework.beans.factory.config.PropertyPlaceholderConfigurer]Loading properties file from class path resource [jdbc.properties]
[INFO] [2019-02-28 17:22:39][org.springframework.web.servlet.mvc.method.annotation.RequestMappingHandlerMapping]Mapped "{[/Student/deleteStudent],methods=[POST],params=[],headers=[],consumes=[],produces=[application/json;charset=utf-8],custom=[]}" onto public java.lang.String com.zhiling.product.controller.StudentController.deleteStudent(java.lang.Integer,java.lang.Integer)
[INFO] [2019-02-28 17:22:39][org.springframework.web.servlet.mvc.method.annotation.RequestMappingHandlerMapping]Mapped "{[/Student/getAllStudent],methods=[GET],params=[],headers=[],consumes=[],produces=[application/json;charset=utf-8],custom=[]}" onto public java.lang.String com.zhiling.product.controller.StudentController.getAllStudent(javax.servlet.http.HttpServletRequest,javax.servlet.http.HttpServletRequest)
[INFO] [2019-02-28 17:22:39][org.springframework.web.servlet.mvc.method.annotation.RequestMappingHandlerMapping]Mapped "{[/Student/getStudent/{id}],methods=[POST],params=[],headers=[],consumes=[],produces=[application/json;charset=utf-8],custom=[]}" onto public java.lang.String com.zhiling.product.controller.StudentController.getStudent(java.lang.Integer)
[INFO] [2019-02-28 17:22:39][org.springframework.web.servlet.handler.SimpleUrlHandlerMapping]Mapped URL path [/**] onto handler 'org.springframework.web.servlet.resource.DefaultServletHttpRequestHandler#0'
[INFO] [2019-02-28 17:22:39][com.alibaba.druid.pool.DruidDataSource]{dataSource-1} inited
[INFO] [2019-02-28 17:22:39][org.springframework.context.support.GenericApplicationContext]Closing org.springframework.context.support.GenericApplicationContext@7f9a81e8: startup date [Thu Feb 28 17:22:38 CST 2019]; root of context hierarchy
[INFO] [2019-02-28 17:22:39][com.alibaba.druid.pool.DruidDataSource]{dataSource-1} closed
[INFO] [2019-02-28 17:22:56][org.springframework.beans.factory.xml.XmlBeanDefinitionReader]Loading XML bean definitions from class path resource [applicationContext.xml]
[INFO] [2019-02-28 17:22:56][org.springframework.context.support.GenericApplicationContext]Refreshing org.springframework.context.support.GenericApplicationContext@7d3a22a9: startup date [Thu Feb 28 17:22:56 CST 2019]; root of context hierarchy
[INFO] [2019-02-28 17:22:56][org.springframework.beans.factory.config.PropertyPlaceholderConfigurer]Loading properties file from class path resource [jdbc.properties]
[INFO] [2019-02-28 17:22:57][org.springframework.web.servlet.mvc.method.annotation.RequestMappingHandlerMapping]Mapped "{[/Student/deleteStudent],methods=[POST],params=[],headers=[],consumes=[],produces=[application/json;charset=utf-8],custom=[]}" onto public java.lang.String com.zhiling.product.controller.StudentController.deleteStudent(java.lang.Integer,java.lang.Integer)
[INFO] [2019-02-28 17:22:57][org.springframework.web.servlet.mvc.method.annotation.RequestMappingHandlerMapping]Mapped "{[/Student/getAllStudent],methods=[GET],params=[],headers=[],consumes=[],produces=[application/json;charset=utf-8],custom=[]}" onto public java.lang.String com.zhiling.product.controller.StudentController.getAllStudent(javax.servlet.http.HttpServletRequest,javax.servlet.http.HttpServletRequest)
[INFO] [2019-02-28 17:22:57][org.springframework.web.servlet.mvc.method.annotation.RequestMappingHandlerMapping]Mapped "{[/Student/getStudent/{id}],methods=[POST],params=[],headers=[],consumes=[],produces=[application/json;charset=utf-8],custom=[]}" onto public java.lang.String com.zhiling.product.controller.StudentController.getStudent(java.lang.Integer)
[INFO] [2019-02-28 17:22:57][org.springframework.web.servlet.handler.SimpleUrlHandlerMapping]Mapped URL path [/**] onto handler 'org.springframework.web.servlet.resource.DefaultServletHttpRequestHandler#0'
[INFO] [2019-02-28 17:22:57][com.alibaba.druid.pool.DruidDataSource]{dataSource-1} inited
[INFO] [2019-02-28 17:22:57][org.springframework.context.support.GenericApplicationContext]Closing org.springframework.context.support.GenericApplicationContext@7d3a22a9: startup date [Thu Feb 28 17:22:56 CST 2019]; root of context hierarchy
[INFO] [2019-02-28 17:22:57][com.alibaba.druid.pool.DruidDataSource]{dataSource-1} closed
[INFO] [2019-02-28 17:30:51][org.springframework.beans.factory.xml.XmlBeanDefinitionReader]Loading XML bean definitions from class path resource [applicationContext.xml]
[INFO] [2019-02-28 17:30:51][org.springframework.context.support.GenericApplicationContext]Refreshing org.springframework.context.support.GenericApplicationContext@7f9a81e8: startup date [Thu Feb 28 17:30:51 CST 2019]; root of context hierarchy
[INFO] [2019-02-28 17:30:51][org.springframework.beans.factory.config.PropertyPlaceholderConfigurer]Loading properties file from class path resource [jdbc.properties]
[INFO] [2019-02-28 17:30:52][org.springframework.web.servlet.mvc.method.annotation.RequestMappingHandlerMapping]Mapped "{[/Student/deleteStudent],methods=[POST],params=[],headers=[],consumes=[],produces=[application/json;charset=utf-8],custom=[]}" onto public java.lang.String com.zhiling.product.controller.StudentController.deleteStudent(java.lang.Integer,java.lang.Integer)
[INFO] [2019-02-28 17:30:52][org.springframework.web.servlet.mvc.method.annotation.RequestMappingHandlerMapping]Mapped "{[/Student/getStudent/{id}],methods=[POST],params=[],headers=[],consumes=[],produces=[application/json;charset=utf-8],custom=[]}" onto public java.lang.String com.zhiling.product.controller.StudentController.getStudent(java.lang.Integer)
[INFO] [2019-02-28 17:30:52][org.springframework.web.servlet.mvc.method.annotation.RequestMappingHandlerMapping]Mapped "{[/Student/getAllStudent],methods=[GET],params=[],headers=[],consumes=[],produces=[application/json;charset=utf-8],custom=[]}" onto public java.lang.String com.zhiling.product.controller.StudentController.getAllStudent(javax.servlet.http.HttpServletRequest,javax.servlet.http.HttpServletRequest)
[INFO] [2019-02-28 17:30:52][org.springframework.web.servlet.handler.SimpleUrlHandlerMapping]Mapped URL path [/**] onto handler 'org.springframework.web.servlet.resource.DefaultServletHttpRequestHandler#0'
[INFO] [2019-02-28 17:30:52][com.alibaba.druid.pool.DruidDataSource]{dataSource-1} inited
[INFO] [2019-02-28 17:30:52][org.springframework.context.support.GenericApplicationContext]Closing org.springframework.context.support.GenericApplicationContext@7f9a81e8: startup date [Thu Feb 28 17:30:51 CST 2019]; root of context hierarchy
[INFO] [2019-02-28 17:30:52][com.alibaba.druid.pool.DruidDataSource]{dataSource-1} closed
[INFO] [2019-02-28 17:31:18][org.springframework.beans.factory.xml.XmlBeanDefinitionReader]Loading XML bean definitions from class path resource [applicationContext.xml]
[INFO] [2019-02-28 17:31:18][org.springframework.context.support.GenericApplicationContext]Refreshing org.springframework.context.support.GenericApplicationContext@7f9a81e8: startup date [Thu Feb 28 17:31:18 CST 2019]; root of context hierarchy
[INFO] [2019-02-28 17:31:18][org.springframework.beans.factory.config.PropertyPlaceholderConfigurer]Loading properties file from class path resource [jdbc.properties]
[INFO] [2019-02-28 17:31:19][org.springframework.web.servlet.mvc.method.annotation.RequestMappingHandlerMapping]Mapped "{[/Student/deleteStudent],methods=[POST],params=[],headers=[],consumes=[],produces=[application/json;charset=utf-8],custom=[]}" onto public java.lang.String com.zhiling.product.controller.StudentController.deleteStudent(java.lang.Integer,java.lang.Integer)
[INFO] [2019-02-28 17:31:19][org.springframework.web.servlet.mvc.method.annotation.RequestMappingHandlerMapping]Mapped "{[/Student/getStudent/{id}],methods=[POST],params=[],headers=[],consumes=[],produces=[application/json;charset=utf-8],custom=[]}" onto public java.lang.String com.zhiling.product.controller.StudentController.getStudent(java.lang.Integer)
[INFO] [2019-02-28 17:31:19][org.springframework.web.servlet.mvc.method.annotation.RequestMappingHandlerMapping]Mapped "{[/Student/getAllStudent],methods=[GET],params=[],headers=[],consumes=[],produces=[application/json;charset=utf-8],custom=[]}" onto public java.lang.String com.zhiling.product.controller.StudentController.getAllStudent(javax.servlet.http.HttpServletRequest,javax.servlet.http.HttpServletRequest)
[INFO] [2019-02-28 17:31:19][org.springframework.web.servlet.handler.SimpleUrlHandlerMapping]Mapped URL path [/**] onto handler 'org.springframework.web.servlet.resource.DefaultServletHttpRequestHandler#0'
[INFO] [2019-02-28 17:31:19][com.alibaba.druid.pool.DruidDataSource]{dataSource-1} inited
[INFO] [2019-02-28 17:31:19][org.springframework.context.support.GenericApplicationContext]Closing org.springframework.context.support.GenericApplicationContext@7f9a81e8: startup date [Thu Feb 28 17:31:18 CST 2019]; root of context hierarchy
[INFO] [2019-02-28 17:31:19][com.alibaba.druid.pool.DruidDataSource]{dataSource-1} closed
[INFO] [2019-02-28 17:33:09][org.springframework.beans.factory.xml.XmlBeanDefinitionReader]Loading XML bean definitions from class path resource [applicationContext.xml]
[INFO] [2019-02-28 17:33:09][org.springframework.context.support.GenericApplicationContext]Refreshing org.springframework.context.support.GenericApplicationContext@7d3a22a9: startup date [Thu Feb 28 17:33:09 CST 2019]; root of context hierarchy
[INFO] [2019-02-28 17:33:09][org.springframework.beans.factory.config.PropertyPlaceholderConfigurer]Loading properties file from class path resource [jdbc.properties]
[INFO] [2019-02-28 17:33:15][org.springframework.web.servlet.mvc.method.annotation.RequestMappingHandlerMapping]Mapped "{[/Student/deleteStudent],methods=[POST],params=[],headers=[],consumes=[],produces=[application/json;charset=utf-8],custom=[]}" onto public java.lang.String com.zhiling.product.controller.StudentController.deleteStudent(java.lang.Integer,java.lang.Integer)
[INFO] [2019-02-28 17:33:15][org.springframework.web.servlet.mvc.method.annotation.RequestMappingHandlerMapping]Mapped "{[/Student/getAllStudent],methods=[GET],params=[],headers=[],consumes=[],produces=[application/json;charset=utf-8],custom=[]}" onto public java.lang.String com.zhiling.product.controller.StudentController.getAllStudent(javax.servlet.http.HttpServletRequest,javax.servlet.http.HttpServletRequest)
[INFO] [2019-02-28 17:33:15][org.springframework.web.servlet.mvc.method.annotation.RequestMappingHandlerMapping]Mapped "{[/Student/getStudent/{id}],methods=[POST],params=[],headers=[],consumes=[],produces=[application/json;charset=utf-8],custom=[]}" onto public java.lang.String com.zhiling.product.controller.StudentController.getStudent(java.lang.Integer)
[INFO] [2019-02-28 17:33:32][org.springframework.web.servlet.handler.SimpleUrlHandlerMapping]Mapped URL path [/**] onto handler 'org.springframework.web.servlet.resource.DefaultServletHttpRequestHandler#0'
[INFO] [2019-02-28 17:34:26][com.alibaba.druid.pool.DruidDataSource]{dataSource-1} inited
[INFO] [2019-03-01 22:15:38][org.springframework.context.support.GenericApplicationContext]Closing org.springframework.context.support.GenericApplicationContext@7d3a22a9: startup date [Thu Feb 28 17:33:09 CST 2019]; root of context hierarchy
[INFO] [2019-03-01 22:15:38][com.alibaba.druid.pool.DruidDataSource]{dataSource-1} closed
